#
# There is insufficient memory for the Java Runtime Environment to continue.
# Native memory allocation (mmap) failed to map 536870912 bytes. Error detail: G1 virtual space
# Possible reasons:
#   The system is out of physical RAM or swap space
#   This process is running with CompressedOops enabled, and the Java Heap may be blocking the growth of the native heap
# Possible solutions:
#   Reduce memory load on the system
#   Increase physical memory or swap space
#   Check if swap backing store is full
#   Decrease Java heap size (-Xmx/-Xms)
#   Decrease number of Java threads
#   Decrease Java thread stack sizes (-Xss)
#   Set larger code cache with -XX:ReservedCodeCacheSize=
#   JVM is running with Unscaled Compressed Oops mode in which the Java heap is
#     placed in the first 4GB address space. The Java Heap base address is the
#     maximum limit for the native heap growth. Please use -XX:HeapBaseMinAddress
#     to set the Java Heap base and to place the Java Heap above 4GB virtual address.
# This output file may be truncated or incomplete.
#
#  Out of Memory Error (os_windows.cpp:3631), pid=10408, tid=9692
#
# JRE version:  (22.0.1+8) (build )
# Java VM: Java HotSpot(TM) 64-Bit Server VM (22.0.1+8-16, mixed mode, sharing, tiered, compressed oops, compressed class ptrs, g1 gc, windows-amd64)
# No core dump will be written. Minidumps are not enabled by default on client versions of Windows
#

---------------  S U M M A R Y ------------

Command Line: --module-path=E:\IDE\eclipse\lib\javafx-sdk-22.0.1\lib --add-modules=javafx.controls,javafx.fxml,javafx.graphics -Xms512m -Xmx1024m -Dfile.encoding=UTF-8 -Dstdout.encoding=UTF-8 -Dstderr.encoding=UTF-8 -XX:+ShowCodeDetailsInExceptionMessages application.Main

Host: Intel(R) Core(TM) i5-7500 CPU @ 3.40GHz, 4 cores, 15G,  Windows 10 , 64 bit Build 19041 (10.0.19041.3636)
Time: Mon May  6 18:20:44 2024 ora legale Europa occidentale elapsed time: 0.017759 seconds (0d 0h 0m 0s)

---------------  T H R E A D  ---------------

Current thread (0x000001b0cb79bf40):  JavaThread "Unknown thread" [_thread_in_vm, id=9692, stack(0x0000007239400000,0x0000007239500000) (1024K)]

Stack: [0x0000007239400000,0x0000007239500000]
Native frames: (J=compiled Java code, j=interpreted, Vv=VM code, C=native code)
V  [jvm.dll+0x6e2279]  (no source info available)
V  [jvm.dll+0x874e33]  (no source info available)
V  [jvm.dll+0x87725e]  (no source info available)
V  [jvm.dll+0x877933]  (no source info available)
V  [jvm.dll+0x27fd76]  (no source info available)
V  [jvm.dll+0x6de915]  (no source info available)
V  [jvm.dll+0x6d341a]  (no source info available)
V  [jvm.dll+0x3589da]  (no source info available)
V  [jvm.dll+0x360f06]  (no source info available)
V  [jvm.dll+0x3b3e2e]  (no source info available)
V  [jvm.dll+0x3b40d8]  (no source info available)
V  [jvm.dll+0x32c59c]  (no source info available)
V  [jvm.dll+0x32d158]  (no source info available)
V  [jvm.dll+0x83ccdc]  (no source info available)
V  [jvm.dll+0x3c0d71]  (no source info available)
V  [jvm.dll+0x825ccc]  (no source info available)
V  [jvm.dll+0x45b8fe]  (no source info available)
V  [jvm.dll+0x45d781]  (no source info available)
C  [jli.dll+0x52a3]  (no source info available)
C  [ucrtbase.dll+0x21bb2]  (no source info available)
C  [KERNEL32.DLL+0x17344]  (no source info available)
C  [ntdll.dll+0x526b1]  (no source info available)


---------------  P R O C E S S  ---------------

Threads class SMR info:
_java_thread_list=0x00007ffc971cb1c8, length=0, elements={
}

Java Threads: ( => current thread )
Total: 0

Other Threads:
  0x000001b0cd9d8100 WorkerThread "GC Thread#0"                     [id=18292, stack(0x0000007239500000,0x0000007239600000) (1024K)]
  0x000001b0cd9e10f0 ConcurrentGCThread "G1 Main Marker"            [id=5304, stack(0x0000007239600000,0x0000007239700000) (1024K)]
  0x000001b0cd9e2550 WorkerThread "G1 Conc#0"                       [id=4900, stack(0x0000007239700000,0x0000007239800000) (1024K)]

[error occurred during error reporting (printing all threads), id 0xc0000005, EXCEPTION_ACCESS_VIOLATION (0xc0000005) at pc=0x00007ffc9691f367]
VM state: not at safepoint (not fully initialized)

VM Mutex/Monitor currently owned by a thread:  ([mutex/lock_event])
[0x00007ffc9724bcb8] Heap_lock - owner thread: 0x000001b0cb79bf40

Heap address: 0x00000000c0000000, size: 1024 MB, Compressed Oops mode: 32-bit

CDS archive(s) mapped at: [0x0000000000000000-0x0000000000000000-0x0000000000000000), size 0, SharedBaseAddress: 0x0000000800000000, ArchiveRelocationMode: 1.
Narrow klass base: 0x0000000000000000, Narrow klass shift: 0, Narrow klass range: 0x0

GC Precious Log:
 CardTable entry size: 512
 Card Set container configuration: InlinePtr #cards 5 size 8 Array Of Cards #cards 12 size 40 Howl #buckets 4 coarsen threshold 1843 Howl Bitmap #cards 512 size 80 coarsen threshold 460 Card regions per heap region 1 cards per card region 2048

Heap:
 garbage-first heap   total reserved 1048576K, committed 0K, used 0K [0x00000000c0000000, 0x0000000100000000)
  region size 1024K, 0 young (0K), 0 survivors (0K)

[error occurred during error reporting (printing heap information), id 0xc0000005, EXCEPTION_ACCESS_VIOLATION (0xc0000005) at pc=0x00007ffc96d1e429]
GC Heap History (0 events):
No events

Dll operation events (1 events):
Event: 0.012 Loaded shared library C:\Program Files\Java\jdk-22\bin\java.dll

Deoptimization events (0 events):
No events

Classes loaded (0 events):
No events

Classes unloaded (0 events):
No events

Classes redefined (0 events):
No events

Internal exceptions (0 events):
No events

ZGC Phase Switch (0 events):
No events

VM Operations (0 events):
No events

Events (0 events):
No events


Dynamic libraries:
0x00007ff7203a0000 - 0x00007ff7203b0000 	C:\Program Files\Java\jdk-22\bin\javaw.exe
0x00007ffd07350000 - 0x00007ffd07548000 	C:\WINDOWS\SYSTEM32\ntdll.dll
0x00007ffd06440000 - 0x00007ffd064fd000 	C:\WINDOWS\System32\KERNEL32.DLL
0x00007ffd04b70000 - 0x00007ffd04e66000 	C:\WINDOWS\System32\KERNELBASE.dll
0x00007ffd050b0000 - 0x00007ffd051b0000 	C:\WINDOWS\System32\ucrtbase.dll
0x00007ffcdd1f0000 - 0x00007ffcdd207000 	C:\Program Files\Java\jdk-22\bin\jli.dll
0x00007ffd07180000 - 0x00007ffd07230000 	C:\WINDOWS\System32\ADVAPI32.dll
0x00007ffd05e10000 - 0x00007ffd05eae000 	C:\WINDOWS\System32\msvcrt.dll
0x00007ffd066f0000 - 0x00007ffd06790000 	C:\WINDOWS\System32\sechost.dll
0x00007ffd05470000 - 0x00007ffd05593000 	C:\WINDOWS\System32\RPCRT4.dll
0x00007ffd04b10000 - 0x00007ffd04b37000 	C:\WINDOWS\System32\bcrypt.dll
0x00007ffd06e50000 - 0x00007ffd06fef000 	C:\WINDOWS\System32\USER32.dll
0x00007ffd04b40000 - 0x00007ffd04b62000 	C:\WINDOWS\System32\win32u.dll
0x00007ffd055a0000 - 0x00007ffd055cb000 	C:\WINDOWS\System32\GDI32.dll
0x00007ffd051b0000 - 0x00007ffd052c7000 	C:\WINDOWS\System32\gdi32full.dll
0x00007ffcdcce0000 - 0x00007ffcdccfb000 	C:\Program Files\Java\jdk-22\bin\VCRUNTIME140.dll
0x00007ffd04a00000 - 0x00007ffd04a9d000 	C:\WINDOWS\System32\msvcp_win.dll
0x00007ffcf70b0000 - 0x00007ffcf734a000 	C:\WINDOWS\WinSxS\amd64_microsoft.windows.common-controls_6595b64144ccf1df_6.0.19041.3636_none_60b6a03d71f818d5\COMCTL32.dll
0x00007ffcfd050000 - 0x00007ffcfd05a000 	C:\WINDOWS\SYSTEM32\VERSION.dll
0x00007ffd06d60000 - 0x00007ffd06d92000 	C:\WINDOWS\System32\IMM32.DLL
0x00007ffcf7360000 - 0x00007ffcf736c000 	C:\Program Files\Java\jdk-22\bin\vcruntime140_1.dll
0x00007ffcc3b10000 - 0x00007ffcc3b9e000 	C:\Program Files\Java\jdk-22\bin\msvcp140.dll
0x00007ffc965e0000 - 0x00007ffc97327000 	C:\Program Files\Java\jdk-22\bin\server\jvm.dll
0x00007ffd06c00000 - 0x00007ffd06c6b000 	C:\WINDOWS\System32\WS2_32.dll
0x00007ffd03f00000 - 0x00007ffd03f4b000 	C:\WINDOWS\SYSTEM32\POWRPROF.dll
0x00007ffcfc1e0000 - 0x00007ffcfc207000 	C:\WINDOWS\SYSTEM32\WINMM.dll
0x00007ffd03dc0000 - 0x00007ffd03dd2000 	C:\WINDOWS\SYSTEM32\UMPDC.dll
0x00007ffd03200000 - 0x00007ffd03212000 	C:\WINDOWS\SYSTEM32\kernel.appcore.dll
0x00007ffcf6fb0000 - 0x00007ffcf6fba000 	C:\Program Files\Java\jdk-22\bin\jimage.dll
0x00007ffd026f0000 - 0x00007ffd028d4000 	C:\WINDOWS\SYSTEM32\DBGHELP.DLL
0x00007ffce6420000 - 0x00007ffce6454000 	C:\WINDOWS\SYSTEM32\dbgcore.DLL
0x00007ffd04fd0000 - 0x00007ffd05052000 	C:\WINDOWS\System32\bcryptPrimitives.dll
0x00007ffcd58e0000 - 0x00007ffcd58fe000 	C:\Program Files\Java\jdk-22\bin\java.dll
0x00007ffd055d0000 - 0x00007ffd05d3b000 	C:\WINDOWS\System32\SHELL32.dll
0x00007ffd06500000 - 0x00007ffd0662b000 	C:\WINDOWS\System32\ole32.dll
0x00007ffd05f30000 - 0x00007ffd06283000 	C:\WINDOWS\System32\combase.dll

dbghelp: loaded successfully - version: 4.0.5 - missing functions: none
symbol engine: initialized successfully - sym options: 0x614 - pdb path: .;C:\Program Files\Java\jdk-22\bin;C:\WINDOWS\SYSTEM32;C:\WINDOWS\WinSxS\amd64_microsoft.windows.common-controls_6595b64144ccf1df_6.0.19041.3636_none_60b6a03d71f818d5;C:\Program Files\Java\jdk-22\bin\server

VM Arguments:
jvm_args: --module-path=E:\IDE\eclipse\lib\javafx-sdk-22.0.1\lib --add-modules=javafx.controls,javafx.fxml,javafx.graphics -Xms512m -Xmx1024m -Dfile.encoding=UTF-8 -Dstdout.encoding=UTF-8 -Dstderr.encoding=UTF-8 -XX:+ShowCodeDetailsInExceptionMessages 
java_command: application.Main
java_class_path (initial): C:\Users\UTENTE\git\PokeJBattle\PokeJBattleFX\bin
Launcher Type: SUN_STANDARD

[Global flags]
     intx CICompilerCount                          = 3                                         {product} {ergonomic}
     uint ConcGCThreads                            = 1                                         {product} {ergonomic}
     uint G1ConcRefinementThreads                  = 4                                         {product} {ergonomic}
   size_t G1HeapRegionSize                         = 1048576                                   {product} {ergonomic}
   size_t InitialHeapSize                          = 536870912                                 {product} {command line}
   size_t MarkStackSize                            = 4194304                                   {product} {ergonomic}
   size_t MaxHeapSize                              = 1073741824                                {product} {command line}
   size_t MinHeapDeltaBytes                        = 1048576                                   {product} {ergonomic}
   size_t MinHeapSize                              = 536870912                                 {product} {command line}
    uintx NonNMethodCodeHeapSize                   = 5832780                                {pd product} {ergonomic}
    uintx NonProfiledCodeHeapSize                  = 122912730                              {pd product} {ergonomic}
    uintx ProfiledCodeHeapSize                     = 122912730                              {pd product} {ergonomic}
    uintx ReservedCodeCacheSize                    = 251658240                              {pd product} {ergonomic}
     bool SegmentedCodeCache                       = true                                      {product} {ergonomic}
     bool ShowCodeDetailsInExceptionMessages       = true                                   {manageable} {command line}
   size_t SoftMaxHeapSize                          = 1073741824                             {manageable} {ergonomic}
     bool UseCompressedOops                        = true                           {product lp64_product} {ergonomic}
     bool UseG1GC                                  = true                                      {product} {ergonomic}
     bool UseLargePagesIndividualAllocation        = false                                  {pd product} {ergonomic}

Logging:
Log output configuration:
 #0: stdout all=warning uptime,level,tags foldmultilines=false
 #1: stderr all=off uptime,level,tags foldmultilines=false

Environment Variables:
JAVA_HOME=C:\Program Files\Java\jdk-17.0.1
PATH=C:/Users/UTENTE/.p2/pool/plugins/org.eclipse.justj.openjdk.hotspot.jre.full.win32.x86_64_21.0.3.v20240426-1530/jre/bin/server;C:/Users/UTENTE/.p2/pool/plugins/org.eclipse.justj.openjdk.hotspot.jre.full.win32.x86_64_21.0.3.v20240426-1530/jre/bin;C:\Python311\Scripts\;C:\Python311\;C:\Program Files\Zulu\zulu-17\bin\;C:\Program Files\Common Files\Oracle\Java\javapath;C:\WINDOWS\system32;C:\WINDOWS;C:\WINDOWS\System32\Wbem;C:\WINDOWS\System32\WindowsPowerShell\v1.0\;C:\WINDOWS\System32\OpenSSH\;C:\Program Files\Git\cmd;C:\Program Files\Microsoft SQL Server\130\Tools\Binn\;C:\Program Files\NVIDIA Corporation\NVIDIA NvDLISR;C:\Program Files (x86)\NVIDIA Corporation\PhysX\Common;C:\android_sdk\cmdline-tools\latest\bin;C:\android_sdk\platform-tools;C:\Grandle\gradle-7.5\bin;C:\Program Files\nodejs\;C:\ProgramData\chocolatey\bin;C:\Program Files\dotnet\;C:\Users\UTENTE\AppData\Local\Microsoft\WindowsApps;D:\programmi\Microsoft VS Code\bin;C:\Program Files\mingw-w64\x86_64-8.1.0-posix-seh-rt_v6-rev0\mingw64\bin;C:\scuola\IntelliJ IDEA Community Edition 2021.3\bin;;C:\Users\UTENTE\AppData\Local\Android\Sdk\tools\bin;C:\Grandle\gradle-7.5\bin;C:\Users\UTENTE\AppData\Roaming\npm;E:\intelFPGA_lite\22.1std\questa_fse\win64;D:\Desktop;
USERNAME=UTENTE
OS=Windows_NT
PROCESSOR_IDENTIFIER=Intel64 Family 6 Model 158 Stepping 9, GenuineIntel
TMP=C:\Users\UTENTE\AppData\Local\Temp
TEMP=C:\Users\UTENTE\AppData\Local\Temp




Periodic native trim disabled

---------------  S Y S T E M  ---------------

OS:
 Windows 10 , 64 bit Build 19041 (10.0.19041.3636)
OS uptime: 3 days 19:54 hours
Hyper-V role detected

CPU: total 4 (initial active 4) (4 cores per cpu, 1 threads per core) family 6 model 158 stepping 9 microcode 0xb4, cx8, cmov, fxsr, mmx, 3dnowpref, sse, sse2, sse3, ssse3, sse4.1, sse4.2, popcnt, lzcnt, tsc, tscinvbit, avx, avx2, aes, erms, clmul, bmi1, bmi2, rtm, adx, fma, vzeroupper, clflush, clflushopt, hv, rdtscp, f16c
Processor Information for all 4 processors :
  Max Mhz: 3408, Current Mhz: 3408, Mhz Limit: 3408

Memory: 4k page, system-wide physical 16348M (6215M free)
TotalPageFile size 18396M (AvailPageFile size 391M)
current process WorkingSet (physical memory assigned to process): 11M, peak: 11M
current process commit charge ("private bytes"): 52M, peak: 563M

vm_info: Java HotSpot(TM) 64-Bit Server VM (22.0.1+8-16) for windows-amd64 JRE (22.0.1+8-16), built on 2024-03-12T10:33:16Z by "mach5one" with MS VC++ 17.6 (VS2022)

END.
